<?xml version="1.0" encoding="UTF-8"?>
<!-- Generated by org.testng.reporters.JUnitReportReporter -->
<testsuite hostname="CHERUKURU" failures="0" tests="9" name="api.test.DDTest" time="13.316" errors="0" timestamp="2023-08-30T21:15:06 IST" skipped="0">
  <testcase classname="api.test.DDTest" name="DDT_createUser" time="1.295"/>
  <system-out/>
  <testcase classname="api.test.DDTest" name="DDT_createUser" time="1.105"/>
  <system-out/>
  <testcase classname="api.test.DDTest" name="DDT_createUser" time="3.749"/>
  <system-out/>
  <testcase classname="api.test.DDTest" name="testgetUser" time="1.156"/>
  <system-out/>
  <testcase classname="api.test.DDTest" name="testgetUser" time="1.302"/>
  <system-out/>
  <testcase classname="api.test.DDTest" name="testgetUser" time="1.178"/>
  <system-out/>
  <testcase classname="api.test.DDTest" name="DDT_deleteUser" time="1.141"/>
  <system-out/>
  <testcase classname="api.test.DDTest" name="DDT_deleteUser" time="1.148"/>
  <system-out/>
  <testcase classname="api.test.DDTest" name="DDT_deleteUser" time="1.242"/>
  <system-out/>
</testsuite> <!-- api.test.DDTest -->
