<?xml version="1.0" encoding="UTF-8"?>
<!-- Generated by org.testng.reporters.JUnitReportReporter -->
<testsuite hostname="CHERUKURU" failures="0" tests="4" name="api.test.UserTest" time="8.880" errors="0" timestamp="2023-08-30T19:59:39 IST" skipped="0">
  <testcase classname="api.test.UserTest" name="testPostUser" time="3.949"/>
  <system-out/>
  <testcase classname="api.test.UserTest" name="testgetUser" time="1.285"/>
  <system-out/>
  <testcase classname="api.test.UserTest" name="testUpdateUser" time="2.437"/>
  <system-out/>
  <testcase classname="api.test.UserTest" name="testDeleteUser" time="1.209"/>
  <system-out/>
</testsuite> <!-- api.test.UserTest -->
